<?xml version="1.0" encoding="UTF-8"?>
<!-- Generated by org.testng.reporters.JUnitReportReporter -->
<testsuite hostname="LM-PF1JTCPC" failures="0" tests="1" name="homework1.HomeWork7" time="55.120" errors="0" timestamp="17 May 2020 20:18:17 GMT" skipped="0">
  <testcase classname="homework1.HomeWork7" name="AdminLogin" time="55.120"/>
</testsuite> <!-- homework1.HomeWork7 -->
