<?xml version="1.0" encoding="UTF-8"?>
<!-- Generated by org.testng.reporters.JUnitReportReporter -->
<testsuite hostname="LM-PF1JTCPC" failures="0" tests="1" name="homework1.OpenAndClosePage" time="6.558" errors="0" timestamp="26 Apr 2020 01:07:06 GMT" skipped="0">
  <testcase classname="homework1.OpenAndClosePage" name="trHomework1" time="6.558"/>
</testsuite> <!-- homework1.OpenAndClosePage -->
