<?xml version="1.0" encoding="UTF-8"?>
<!-- Generated by org.testng.reporters.JUnitReportReporter -->
<testsuite hostname="LM-PF1JTCPC" failures="0" tests="1" name="homework1.HomeWork8" time="1.199" errors="0" timestamp="17 May 2020 20:22:36 GMT" skipped="0">
  <testcase classname="homework1.HomeWork8" name="checkStickers" time="1.199"/>
</testsuite> <!-- homework1.HomeWork8 -->
